Copyright 1986-2022 Xilinx, Inc. All Rights Reserved. Copyright 2022-2025 Advanced Micro Devices, Inc. All Rights Reserved.
---------------------------------------------------------------------------------------------------------------------------------------------
| Tool Version : Vivado v.2025.2 (lin64) Build 6299465 Fri Nov 14 12:34:56 MST 2025
| Date         : Thu Mar 19 17:17:10 2026
| Host         : bren-ubuntu24-04 running 64-bit Ubuntu 24.04.4 LTS
| Command      : report_timing_summary -file /home/brendan/synthesis_workspace/MMU/synthesis_logs/timing_mmu_top.rpt
| Design       : mmu_top
| Device       : 7a35t-cpg236
| Speed File   : -1  PRODUCTION 1.23 2018-06-13
| Design State : Synthesized
---------------------------------------------------------------------------------------------------------------------------------------------

Timing Summary Report

------------------------------------------------------------------------------------------------
| Timer Settings
| --------------
------------------------------------------------------------------------------------------------

  Enable Multi Corner Analysis               :  Yes
  Enable Pessimism Removal                   :  Yes
  Pessimism Removal Resolution               :  Nearest Common Node
  Enable Input Delay Default Clock           :  No
  Enable Preset / Clear Arcs                 :  No
  Disable Flight Delays                      :  No
  Ignore I/O Paths                           :  No
  Timing Early Launch at Borrowing Latches   :  No
  Borrow Time for Max Delay Exceptions       :  Yes
  Merge Timing Exceptions                    :  Yes
  Inter-SLR Compensation                     :  Conservative

  Corner  Analyze    Analyze    
  Name    Max Paths  Min Paths  
  ------  ---------  ---------  
  Slow    Yes        Yes        
  Fast    Yes        Yes        


------------------------------------------------------------------------------------------------
| Report Methodology
| ------------------
------------------------------------------------------------------------------------------------

No report available as report_methodology has not been run prior. Run report_methodology on the current design for the summary of methodology violations.



check_timing report

Table of Contents
-----------------
1. checking no_clock (0)
2. checking constant_clock (0)
3. checking pulse_width_clock (0)
4. checking unconstrained_internal_endpoints (0)
5. checking no_input_delay (139)
6. checking no_output_delay (68)
7. checking multiple_clock (0)
8. checking generated_clocks (0)
9. checking loops (0)
10. checking partial_input_delay (0)
11. checking partial_output_delay (0)
12. checking latch_loops (0)

1. checking no_clock (0)
------------------------
 There are 0 register/latch pins with no clock.


2. checking constant_clock (0)
------------------------------
 There are 0 register/latch pins with constant_clock.


3. checking pulse_width_clock (0)
---------------------------------
 There are 0 register/latch pins which need pulse_width check


4. checking unconstrained_internal_endpoints (0)
------------------------------------------------
 There are 0 pins that are not constrained for maximum delay.

 There are 0 pins that are not constrained for maximum delay due to constant clock.


5. checking no_input_delay (139)
--------------------------------
 There are 139 input ports with no input delay specified. (HIGH)

 There are 0 input ports with no input delay but user has a false path constraint.


6. checking no_output_delay (68)
--------------------------------
 There are 68 ports with no output delay specified. (HIGH)

 There are 0 ports with no output delay but user has a false path constraint

 There are 0 ports with no output delay but with a timing clock defined on it or propagating through it


7. checking multiple_clock (0)
------------------------------
 There are 0 register/latch pins with multiple clocks.


8. checking generated_clocks (0)
--------------------------------
 There are 0 generated clocks that are not connected to a clock source.


9. checking loops (0)
---------------------
 There are 0 combinational loops in the design.


10. checking partial_input_delay (0)
------------------------------------
 There are 0 input ports with partial input delay specified.


11. checking partial_output_delay (0)
-------------------------------------
 There are 0 ports with partial output delay specified.


12. checking latch_loops (0)
----------------------------
 There are 0 combinational latch loops in the design through latch input



------------------------------------------------------------------------------------------------
| Design Timing Summary
| ---------------------
------------------------------------------------------------------------------------------------

    WNS(ns)      TNS(ns)  TNS Failing Endpoints  TNS Total Endpoints      WHS(ns)      THS(ns)  THS Failing Endpoints  THS Total Endpoints     WPWS(ns)     TPWS(ns)  TPWS Failing Endpoints  TPWS Total Endpoints  
    -------      -------  ---------------------  -------------------      -------      -------  ---------------------  -------------------     --------     --------  ----------------------  --------------------  
      0.089        0.000                      0                 3051        0.169        0.000                      0                 3051        4.500        0.000                       0                  1323  


All user specified timing constraints are met.


------------------------------------------------------------------------------------------------
| Clock Summary
| -------------
------------------------------------------------------------------------------------------------

Clock  Waveform(ns)       Period(ns)      Frequency(MHz)
-----  ------------       ----------      --------------
clk    {0.000 5.000}      10.000          100.000         


------------------------------------------------------------------------------------------------
| Intra Clock Table
| -----------------
------------------------------------------------------------------------------------------------

Clock             WNS(ns)      TNS(ns)  TNS Failing Endpoints  TNS Total Endpoints      WHS(ns)      THS(ns)  THS Failing Endpoints  THS Total Endpoints     WPWS(ns)     TPWS(ns)  TPWS Failing Endpoints  TPWS Total Endpoints  
-----             -------      -------  ---------------------  -------------------      -------      -------  ---------------------  -------------------     --------     --------  ----------------------  --------------------  
clk                 0.089        0.000                      0                 3051        0.169        0.000                      0                 3051        4.500        0.000                       0                  1323  


------------------------------------------------------------------------------------------------
| Inter Clock Table
| -----------------
------------------------------------------------------------------------------------------------

From Clock    To Clock          WNS(ns)      TNS(ns)  TNS Failing Endpoints  TNS Total Endpoints      WHS(ns)      THS(ns)  THS Failing Endpoints  THS Total Endpoints  
----------    --------          -------      -------  ---------------------  -------------------      -------      -------  ---------------------  -------------------  


------------------------------------------------------------------------------------------------
| Other Path Groups Table
| -----------------------
------------------------------------------------------------------------------------------------

Path Group    From Clock    To Clock          WNS(ns)      TNS(ns)  TNS Failing Endpoints  TNS Total Endpoints      WHS(ns)      THS(ns)  THS Failing Endpoints  THS Total Endpoints  
----------    ----------    --------          -------      -------  ---------------------  -------------------      -------      -------  ---------------------  -------------------  


------------------------------------------------------------------------------------------------
| Timing Details
| --------------
------------------------------------------------------------------------------------------------


---------------------------------------------------------------------------------------------------
From Clock:  clk
  To Clock:  clk

Setup :            0  Failing Endpoints,  Worst Slack        0.089ns,  Total Violation        0.000ns
Hold  :            0  Failing Endpoints,  Worst Slack        0.169ns,  Total Violation        0.000ns
PW    :            0  Failing Endpoints,  Worst Slack        4.500ns,  Total Violation        0.000ns
---------------------------------------------------------------------------------------------------


Max Delay Paths
--------------------------------------------------------------------------------------
Slack (MET) :             0.089ns  (required time - arrival time)
  Source:                 vaddr_r_reg[13]/C
                            (rising edge-triggered cell FDRE clocked by clk  {rise@0.000ns fall@5.000ns period=10.000ns})
  Destination:            u_tlb/u_lru/matrix_reg[13][0]/D
                            (rising edge-triggered cell FDRE clocked by clk  {rise@0.000ns fall@5.000ns period=10.000ns})
  Path Group:             clk
  Path Type:              Setup (Max at Slow Process Corner)
  Requirement:            10.000ns  (clk rise@10.000ns - clk rise@0.000ns)
  Data Path Delay:        9.760ns  (logic 2.718ns (27.848%)  route 7.042ns (72.152%))
  Logic Levels:           11  (CARRY4=2 LUT3=1 LUT4=2 LUT5=2 LUT6=4)
  Clock Path Skew:        -0.145ns (DCD - SCD + CPR)
    Destination Clock Delay (DCD):    2.079ns = ( 12.079 - 10.000 ) 
    Source Clock Delay      (SCD):    2.402ns
    Clock Pessimism Removal (CPR):    0.178ns
  Clock Uncertainty:      0.035ns  ((TSJ^2 + TIJ^2)^1/2 + DJ) / 2 + PE
    Total System Jitter     (TSJ):    0.071ns
    Total Input Jitter      (TIJ):    0.000ns
    Discrete Jitter          (DJ):    0.000ns
    Phase Error              (PE):    0.000ns

    Location             Delay type                Incr(ns)  Path(ns)    Netlist Resource(s)
  -------------------------------------------------------------------    -------------------
                         (clock clk rise edge)        0.000     0.000 r  
                                                      0.000     0.000 r  clk (IN)
                         net (fo=0)                   0.000     0.000    clk
                         IBUF (Prop_ibuf_I_O)         0.923     0.923 r  clk_IBUF_inst/O
                         net (fo=1, unplaced)         0.800     1.722    clk_IBUF
                         BUFG (Prop_bufg_I_O)         0.096     1.818 r  clk_IBUF_BUFG_inst/O
                         net (fo=1322, unplaced)      0.584     2.402    clk_IBUF_BUFG
                         FDRE                                         r  vaddr_r_reg[13]/C
  -------------------------------------------------------------------    -------------------
                         FDRE (Prop_fdre_C_Q)         0.456     2.858 r  vaddr_r_reg[13]/Q
                         net (fo=35, unplaced)        1.038     3.896    u_tlb/u_lru/Q[1]
                         LUT6 (Prop_lut6_I0_O)        0.295     4.191 r  u_tlb/u_lru/matrix[15][15]_i_50/O
                         net (fo=1, unplaced)         0.000     4.191    u_tlb/u_lru/matrix[15][15]_i_50_n_0
                         CARRY4 (Prop_carry4_S[0]_CO[3])
                                                      0.513     4.704 r  u_tlb/u_lru/matrix_reg[15][15]_i_29/CO[3]
                         net (fo=1, unplaced)         0.009     4.713    u_tlb/u_lru/matrix_reg[15][15]_i_29_n_0
                         CARRY4 (Prop_carry4_CI_CO[2])
                                                      0.252     4.965 f  u_tlb/u_lru/matrix_reg[15][15]_i_20/CO[2]
                         net (fo=1, unplaced)         0.452     5.417    u_tlb/u_lru/matrix_reg[15][15]_i_20_n_1
                         LUT6 (Prop_lut6_I3_O)        0.310     5.727 f  u_tlb/u_lru/matrix[15][15]_i_16/O
                         net (fo=5, unplaced)         1.139     6.866    u_tlb/u_lru/matrix[15][15]_i_16_n_0
                         LUT6 (Prop_lut6_I1_O)        0.124     6.990 f  u_tlb/u_lru/resp_valid_OBUF_inst_i_14/O
                         net (fo=13, unplaced)        0.499     7.489    u_tlb/u_lru/entry_valid_reg[4]_0
                         LUT6 (Prop_lut6_I1_O)        0.124     7.613 r  u_tlb/u_lru/resp_valid_OBUF_inst_i_5/O
                         net (fo=19, unplaced)        0.508     8.121    u_tlb/u_lru/entry_valid_reg[9]
                         LUT3 (Prop_lut3_I0_O)        0.124     8.245 f  u_tlb/u_lru/matrix[15][11]_i_10/O
                         net (fo=24, unplaced)        0.966     9.211    u_tlb/u_lru/entry_valid_reg[11]_1
                         LUT4 (Prop_lut4_I1_O)        0.124     9.335 r  u_tlb/u_lru/matrix[15][11]_i_4/O
                         net (fo=2, unplaced)         0.460     9.795    u_tlb/u_lru/matrix[15][11]_i_4_n_0
                         LUT5 (Prop_lut5_I4_O)        0.124     9.919 r  u_tlb/u_lru/matrix[15][11]_i_3/O
                         net (fo=108, unplaced)       1.003    10.922    u_tlb/u_lru/matrix[15][11]_i_3_n_0
                         LUT4 (Prop_lut4_I0_O)        0.148    11.070 f  u_tlb/u_lru/matrix[15][13]_i_2/O
                         net (fo=26, unplaced)        0.968    12.038    u_tlb/u_lru/p_1_in31_in[13]
                         LUT5 (Prop_lut5_I1_O)        0.124    12.162 r  u_tlb/u_lru/matrix[13][0]_i_1/O
                         net (fo=1, unplaced)         0.000    12.162    u_tlb/u_lru/matrix[13][0]_i_1_n_0
                         FDRE                                         r  u_tlb/u_lru/matrix_reg[13][0]/D
  -------------------------------------------------------------------    -------------------

                         (clock clk rise edge)       10.000    10.000 r  
                                                      0.000    10.000 r  clk (IN)
                         net (fo=0)                   0.000    10.000    clk
                         IBUF (Prop_ibuf_I_O)         0.789    10.789 r  clk_IBUF_inst/O
                         net (fo=1, unplaced)         0.760    11.549    clk_IBUF
                         BUFG (Prop_bufg_I_O)         0.091    11.640 r  clk_IBUF_BUFG_inst/O
                         net (fo=1322, unplaced)      0.439    12.079    u_tlb/u_lru/clk_IBUF_BUFG
                         FDRE                                         r  u_tlb/u_lru/matrix_reg[13][0]/C
                         clock pessimism              0.178    12.257    
                         clock uncertainty           -0.035    12.222    
                         FDRE (Setup_fdre_C_D)        0.029    12.251    u_tlb/u_lru/matrix_reg[13][0]
  -------------------------------------------------------------------
                         required time                         12.251    
                         arrival time                         -12.162    
  -------------------------------------------------------------------
                         slack                                  0.089    





Min Delay Paths
--------------------------------------------------------------------------------------
Slack (MET) :             0.169ns  (arrival time - required time)
  Source:                 u_ptw/FSM_sequential_state_reg[0]/C
                            (rising edge-triggered cell FDRE clocked by clk  {rise@0.000ns fall@5.000ns period=10.000ns})
  Destination:            u_ptw/FSM_sequential_state_reg[2]/D
                            (rising edge-triggered cell FDRE clocked by clk  {rise@0.000ns fall@5.000ns period=10.000ns})
  Path Group:             clk
  Path Type:              Hold (Min at Fast Process Corner)
  Requirement:            0.000ns  (clk rise@0.000ns - clk rise@0.000ns)
  Data Path Delay:        0.405ns  (logic 0.239ns (59.001%)  route 0.166ns (40.999%))
  Logic Levels:           1  (LUT3=1)
  Clock Path Skew:        0.145ns (DCD - SCD - CPR)
    Destination Clock Delay (DCD):    0.983ns
    Source Clock Delay      (SCD):    0.629ns
    Clock Pessimism Removal (CPR):    0.209ns

    Location             Delay type                Incr(ns)  Path(ns)    Netlist Resource(s)
  -------------------------------------------------------------------    -------------------
                         (clock clk rise edge)        0.000     0.000 r  
                                                      0.000     0.000 r  clk (IN)
                         net (fo=0)                   0.000     0.000    clk
                         IBUF (Prop_ibuf_I_O)         0.152     0.152 r  clk_IBUF_inst/O
                         net (fo=1, unplaced)         0.337     0.489    clk_IBUF
                         BUFG (Prop_bufg_I_O)         0.026     0.515 r  clk_IBUF_BUFG_inst/O
                         net (fo=1322, unplaced)      0.114     0.629    u_ptw/clk_IBUF_BUFG
                         FDRE                                         r  u_ptw/FSM_sequential_state_reg[0]/C
  -------------------------------------------------------------------    -------------------
                         FDRE (Prop_fdre_C_Q)         0.141     0.770 r  u_ptw/FSM_sequential_state_reg[0]/Q
                         net (fo=51, unplaced)        0.166     0.936    u_ptw/state_0[0]
                         LUT3 (Prop_lut3_I2_O)        0.098     1.034 r  u_ptw/FSM_sequential_state[2]_i_1/O
                         net (fo=1, unplaced)         0.000     1.034    u_ptw/FSM_sequential_state[2]_i_1_n_0
                         FDRE                                         r  u_ptw/FSM_sequential_state_reg[2]/D
  -------------------------------------------------------------------    -------------------

                         (clock clk rise edge)        0.000     0.000 r  
                                                      0.000     0.000 r  clk (IN)
                         net (fo=0)                   0.000     0.000    clk
                         IBUF (Prop_ibuf_I_O)         0.340     0.340 r  clk_IBUF_inst/O
                         net (fo=1, unplaced)         0.355     0.695    clk_IBUF
                         BUFG (Prop_bufg_I_O)         0.029     0.724 r  clk_IBUF_BUFG_inst/O
                         net (fo=1322, unplaced)      0.259     0.983    u_ptw/clk_IBUF_BUFG
                         FDRE                                         r  u_ptw/FSM_sequential_state_reg[2]/C
                         clock pessimism             -0.209     0.774    
                         FDRE (Hold_fdre_C_D)         0.091     0.865    u_ptw/FSM_sequential_state_reg[2]
  -------------------------------------------------------------------
                         required time                         -0.865    
                         arrival time                           1.034    
  -------------------------------------------------------------------
                         slack                                  0.169    





Pulse Width Checks
--------------------------------------------------------------------------------------
Clock Name:         clk
Waveform(ns):       { 0.000 5.000 }
Period(ns):         10.000
Sources:            { clk }

Check Type        Corner  Lib Pin  Reference Pin  Required(ns)  Actual(ns)  Slack(ns)  Location  Pin
Min Period        n/a     BUFG/I   n/a            2.155         10.000      7.845                clk_IBUF_BUFG_inst/I
Low Pulse Width   Slow    FDRE/C   n/a            0.500         5.000       4.500                FSM_sequential_state_reg[0]/C
High Pulse Width  Slow    FDRE/C   n/a            0.500         5.000       4.500                FSM_sequential_state_reg[0]/C



