#-----------------------------------------------------------
# Vivado v2025.2 (64-bit)
# SW Build 6299465 on Fri Nov 14 12:34:56 MST 2025
# IP Build 6300035 on Fri Nov 14 10:48:45 MST 2025
# SharedData Build 6298862 on Thu Nov 13 04:50:51 MST 2025
# Start of session at: Thu Mar 19 17:15:46 2026
# Process ID         : 16689
# Current directory  : /home/brendan/synthesis_workspace/MMU/synthesis_logs
# Command line       : vivado -mode batch -source synth_mmu_top.tcl -log vivado_mmu_top.log -journal vivado_mmu_top.jou
# Log file           : /home/brendan/synthesis_workspace/MMU/synthesis_logs/vivado_mmu_top.log
# Journal file       : /home/brendan/synthesis_workspace/MMU/synthesis_logs/vivado_mmu_top.jou
# Running On         : bren-ubuntu24-04
# Platform           : Ubuntu
# Operating System   : Ubuntu 24.04.4 LTS
# Processor Detail   : Intel(R) Core(TM) i7-3770 CPU @ 3.40GHz
# CPU Frequency      : 1600.000 MHz
# CPU Physical cores : 4
# CPU Logical cores  : 8
# Host memory        : 16630 MB
# Swap memory        : 4294 MB
# Total Virtual      : 20925 MB
# Available Virtual  : 15088 MB
#-----------------------------------------------------------
source synth_mmu_top.tcl
# set_param general.maxThreads 4
# create_project -in_memory -part xc7a35tcpg236-1
# read_verilog -sv [list \
#     /home/brendan/synthesis_workspace/MMU/rtl/mmu_pkg.sv \
#     /home/brendan/synthesis_workspace/MMU/rtl/lru_tracker.sv \
#     /home/brendan/synthesis_workspace/MMU/rtl/page_table_walker.sv \
#     /home/brendan/synthesis_workspace/MMU/rtl/permission_checker.sv \
#     /home/brendan/synthesis_workspace/MMU/rtl/tlb.sv \
#     /home/brendan/synthesis_workspace/MMU/rtl/mmu_top.sv \
# ]
# set xdc_file "/home/brendan/synthesis_workspace/MMU/synthesis_logs/clock.xdc"
# set fp [open $xdc_file w]
# puts $fp "create_clock -period 10.000 -name clk \[get_ports clk\]"
# close $fp
# read_xdc $xdc_file
# synth_design -top mmu_top -part xc7a35tcpg236-1
Command: synth_design -top mmu_top -part xc7a35tcpg236-1
Starting synth_design
Attempting to get a license for feature 'Synthesis' and/or device 'xc7a35t'
INFO: [Common 17-349] Got license for feature 'Synthesis' and/or device 'xc7a35t'
INFO: [Device 21-403] Loading part xc7a35tcpg236-1
INFO: [Synth 8-7079] Multithreading enabled for synth_design using a maximum of 4 processes.
INFO: [Synth 8-7078] Launching helper process for spawning children vivado processes
INFO: [Synth 8-7075] Helper process launched with PID 16719
---------------------------------------------------------------------------------
Starting RTL Elaboration : Time (s): cpu = 00:00:06 ; elapsed = 00:00:06 . Memory (MB): peak = 2216.590 ; gain = 482.156 ; free physical = 8016 ; free virtual = 12980
---------------------------------------------------------------------------------
WARNING: [Synth 8-11067] parameter 'PAGE_SIZE' declared inside package 'mmu_pkg' shall be treated as localparam [/home/brendan/synthesis_workspace/MMU/rtl/mmu_pkg.sv:7]
WARNING: [Synth 8-11067] parameter 'PAGE_OFFSET_W' declared inside package 'mmu_pkg' shall be treated as localparam [/home/brendan/synthesis_workspace/MMU/rtl/mmu_pkg.sv:8]
WARNING: [Synth 8-11067] parameter 'VADDR_W' declared inside package 'mmu_pkg' shall be treated as localparam [/home/brendan/synthesis_workspace/MMU/rtl/mmu_pkg.sv:9]
WARNING: [Synth 8-11067] parameter 'PADDR_W' declared inside package 'mmu_pkg' shall be treated as localparam [/home/brendan/synthesis_workspace/MMU/rtl/mmu_pkg.sv:10]
WARNING: [Synth 8-11067] parameter 'VPN_W' declared inside package 'mmu_pkg' shall be treated as localparam [/home/brendan/synthesis_workspace/MMU/rtl/mmu_pkg.sv:11]
WARNING: [Synth 8-11067] parameter 'VPN1_W' declared inside package 'mmu_pkg' shall be treated as localparam [/home/brendan/synthesis_workspace/MMU/rtl/mmu_pkg.sv:12]
WARNING: [Synth 8-11067] parameter 'VPN0_W' declared inside package 'mmu_pkg' shall be treated as localparam [/home/brendan/synthesis_workspace/MMU/rtl/mmu_pkg.sv:13]
WARNING: [Synth 8-11067] parameter 'PPN_W' declared inside package 'mmu_pkg' shall be treated as localparam [/home/brendan/synthesis_workspace/MMU/rtl/mmu_pkg.sv:14]
WARNING: [Synth 8-11067] parameter 'PPN1_W' declared inside package 'mmu_pkg' shall be treated as localparam [/home/brendan/synthesis_workspace/MMU/rtl/mmu_pkg.sv:15]
WARNING: [Synth 8-11067] parameter 'PPN0_W' declared inside package 'mmu_pkg' shall be treated as localparam [/home/brendan/synthesis_workspace/MMU/rtl/mmu_pkg.sv:16]
WARNING: [Synth 8-11067] parameter 'PTE_SIZE' declared inside package 'mmu_pkg' shall be treated as localparam [/home/brendan/synthesis_workspace/MMU/rtl/mmu_pkg.sv:17]
WARNING: [Synth 8-11067] parameter 'ASID_W' declared inside package 'mmu_pkg' shall be treated as localparam [/home/brendan/synthesis_workspace/MMU/rtl/mmu_pkg.sv:20]
WARNING: [Synth 8-11067] parameter 'TLB_ENTRIES' declared inside package 'mmu_pkg' shall be treated as localparam [/home/brendan/synthesis_workspace/MMU/rtl/mmu_pkg.sv:23]
WARNING: [Synth 8-11067] parameter 'TLB_IDX_W' declared inside package 'mmu_pkg' shall be treated as localparam [/home/brendan/synthesis_workspace/MMU/rtl/mmu_pkg.sv:24]
INFO: [Synth 8-6157] synthesizing module 'mmu_top' [/home/brendan/synthesis_workspace/MMU/rtl/mmu_top.sv:8]
INFO: [Synth 8-6157] synthesizing module 'tlb' [/home/brendan/synthesis_workspace/MMU/rtl/tlb.sv:8]
	Parameter NUM_ENTRIES bound to: 32'sb00000000000000000000000000010000 
INFO: [Synth 8-6157] synthesizing module 'lru_tracker' [/home/brendan/synthesis_workspace/MMU/rtl/lru_tracker.sv:10]
	Parameter NUM_ENTRIES bound to: 32'sb00000000000000000000000000010000 
INFO: [Synth 8-6155] done synthesizing module 'lru_tracker' (0#1) [/home/brendan/synthesis_workspace/MMU/rtl/lru_tracker.sv:10]
INFO: [Synth 8-6155] done synthesizing module 'tlb' (0#1) [/home/brendan/synthesis_workspace/MMU/rtl/tlb.sv:8]
INFO: [Synth 8-6157] synthesizing module 'page_table_walker' [/home/brendan/synthesis_workspace/MMU/rtl/page_table_walker.sv:10]
INFO: [Synth 8-226] default block is never used [/home/brendan/synthesis_workspace/MMU/rtl/page_table_walker.sv:120]
INFO: [Synth 8-6155] done synthesizing module 'page_table_walker' (0#1) [/home/brendan/synthesis_workspace/MMU/rtl/page_table_walker.sv:10]
INFO: [Synth 8-6157] synthesizing module 'permission_checker' [/home/brendan/synthesis_workspace/MMU/rtl/permission_checker.sv:13]
INFO: [Synth 8-6155] done synthesizing module 'permission_checker' (0#1) [/home/brendan/synthesis_workspace/MMU/rtl/permission_checker.sv:13]
INFO: [Synth 8-6155] done synthesizing module 'mmu_top' (0#1) [/home/brendan/synthesis_workspace/MMU/rtl/mmu_top.sv:8]
WARNING: [Synth 8-7129] Port vaddr[11] in module page_table_walker is either unconnected or has no load
WARNING: [Synth 8-7129] Port vaddr[10] in module page_table_walker is either unconnected or has no load
WARNING: [Synth 8-7129] Port vaddr[9] in module page_table_walker is either unconnected or has no load
WARNING: [Synth 8-7129] Port vaddr[8] in module page_table_walker is either unconnected or has no load
WARNING: [Synth 8-7129] Port vaddr[7] in module page_table_walker is either unconnected or has no load
WARNING: [Synth 8-7129] Port vaddr[6] in module page_table_walker is either unconnected or has no load
WARNING: [Synth 8-7129] Port vaddr[5] in module page_table_walker is either unconnected or has no load
WARNING: [Synth 8-7129] Port vaddr[4] in module page_table_walker is either unconnected or has no load
WARNING: [Synth 8-7129] Port vaddr[3] in module page_table_walker is either unconnected or has no load
WARNING: [Synth 8-7129] Port vaddr[2] in module page_table_walker is either unconnected or has no load
WARNING: [Synth 8-7129] Port vaddr[1] in module page_table_walker is either unconnected or has no load
WARNING: [Synth 8-7129] Port vaddr[0] in module page_table_walker is either unconnected or has no load
WARNING: [Synth 8-7129] Port satp[31] in module page_table_walker is either unconnected or has no load
WARNING: [Synth 8-7129] Port satp[30] in module page_table_walker is either unconnected or has no load
WARNING: [Synth 8-7129] Port satp[29] in module page_table_walker is either unconnected or has no load
WARNING: [Synth 8-7129] Port satp[28] in module page_table_walker is either unconnected or has no load
WARNING: [Synth 8-7129] Port satp[27] in module page_table_walker is either unconnected or has no load
WARNING: [Synth 8-7129] Port satp[26] in module page_table_walker is either unconnected or has no load
WARNING: [Synth 8-7129] Port satp[25] in module page_table_walker is either unconnected or has no load
WARNING: [Synth 8-7129] Port satp[24] in module page_table_walker is either unconnected or has no load
WARNING: [Synth 8-7129] Port satp[23] in module page_table_walker is either unconnected or has no load
WARNING: [Synth 8-7129] Port satp[22] in module page_table_walker is either unconnected or has no load
---------------------------------------------------------------------------------
Finished RTL Elaboration : Time (s): cpu = 00:00:09 ; elapsed = 00:00:09 . Memory (MB): peak = 2332.559 ; gain = 598.125 ; free physical = 7926 ; free virtual = 12891
---------------------------------------------------------------------------------
---------------------------------------------------------------------------------
Start Handling Custom Attributes
---------------------------------------------------------------------------------
---------------------------------------------------------------------------------
Finished Handling Custom Attributes : Time (s): cpu = 00:00:09 ; elapsed = 00:00:09 . Memory (MB): peak = 2341.465 ; gain = 607.031 ; free physical = 7926 ; free virtual = 12891
---------------------------------------------------------------------------------
---------------------------------------------------------------------------------
Finished RTL Optimization Phase 1 : Time (s): cpu = 00:00:09 ; elapsed = 00:00:09 . Memory (MB): peak = 2341.465 ; gain = 607.031 ; free physical = 7926 ; free virtual = 12891
---------------------------------------------------------------------------------
Netlist sorting complete. Time (s): cpu = 00:00:00.02 ; elapsed = 00:00:00.02 . Memory (MB): peak = 2341.465 ; gain = 0.000 ; free physical = 7945 ; free virtual = 12910
INFO: [Project 1-570] Preparing netlist for logic optimization

Processing XDC Constraints
Initializing timing engine
Parsing XDC File [/home/brendan/synthesis_workspace/MMU/synthesis_logs/clock.xdc]
Finished Parsing XDC File [/home/brendan/synthesis_workspace/MMU/synthesis_logs/clock.xdc]
Completed Processing XDC Constraints

Netlist sorting complete. Time (s): cpu = 00:00:00 ; elapsed = 00:00:00 . Memory (MB): peak = 2482.449 ; gain = 0.000 ; free physical = 7971 ; free virtual = 12936
INFO: [Project 1-111] Unisim Transformation Summary:
No Unisim elements were transformed.

Constraint Validation Runtime : Time (s): cpu = 00:00:00.04 ; elapsed = 00:00:00.03 . Memory (MB): peak = 2482.484 ; gain = 0.000 ; free physical = 7971 ; free virtual = 12936
---------------------------------------------------------------------------------
Finished Constraint Validation : Time (s): cpu = 00:00:19 ; elapsed = 00:00:19 . Memory (MB): peak = 2482.484 ; gain = 748.051 ; free physical = 8048 ; free virtual = 13013
---------------------------------------------------------------------------------
---------------------------------------------------------------------------------
Start Loading Part and Timing Information
---------------------------------------------------------------------------------
Loading part: xc7a35tcpg236-1
---------------------------------------------------------------------------------
Finished Loading Part and Timing Information : Time (s): cpu = 00:00:19 ; elapsed = 00:00:19 . Memory (MB): peak = 2494.660 ; gain = 760.227 ; free physical = 8048 ; free virtual = 13013
---------------------------------------------------------------------------------
---------------------------------------------------------------------------------
Start Applying 'set_property' XDC Constraints
---------------------------------------------------------------------------------
---------------------------------------------------------------------------------
Finished applying 'set_property' XDC Constraints : Time (s): cpu = 00:00:19 ; elapsed = 00:00:19 . Memory (MB): peak = 2494.660 ; gain = 760.227 ; free physical = 8048 ; free virtual = 13013
---------------------------------------------------------------------------------
INFO: [Synth 8-802] inferred FSM for state register 'state_reg' in module 'page_table_walker'
INFO: [Synth 8-802] inferred FSM for state register 'state_reg' in module 'mmu_top'
---------------------------------------------------------------------------------------------------
                   State |                     New Encoding |                Previous Encoding 
---------------------------------------------------------------------------------------------------
                  S_IDLE |                              000 |                              000
                S_L1_REQ |                              001 |                              001
               S_L1_WAIT |                              010 |                              010
              S_L1_CHECK |                              011 |                              011
                S_L0_REQ |                              100 |                              100
               S_L0_WAIT |                              101 |                              101
              S_L0_CHECK |                              110 |                              110
                  S_DONE |                              111 |                              111
---------------------------------------------------------------------------------------------------
INFO: [Synth 8-3354] encoded FSM with state register 'state_reg' using encoding 'sequential' in module 'page_table_walker'
---------------------------------------------------------------------------------------------------
                   State |                     New Encoding |                Previous Encoding 
---------------------------------------------------------------------------------------------------
                 ST_IDLE |                              000 |                              000
           ST_TLB_LOOKUP |                              001 |                              001
           ST_PTW_ACTIVE |                              010 |                              010
             ST_PTW_DONE |                              011 |                              011
           ST_PERM_CHECK |                              100 |                              100
---------------------------------------------------------------------------------------------------
INFO: [Synth 8-3354] encoded FSM with state register 'state_reg' using encoding 'sequential' in module 'mmu_top'
---------------------------------------------------------------------------------
Finished RTL Optimization Phase 2 : Time (s): cpu = 00:00:20 ; elapsed = 00:00:20 . Memory (MB): peak = 2494.660 ; gain = 760.227 ; free physical = 8042 ; free virtual = 13008
---------------------------------------------------------------------------------
---------------------------------------------------------------------------------
Start RTL Component Statistics 
---------------------------------------------------------------------------------
Detailed RTL Component Info : 
+---Adders : 
	   2 Input   32 Bit       Adders := 1     
+---Registers : 
	               32 Bit    Registers := 2     
	               22 Bit    Registers := 18    
	               20 Bit    Registers := 16    
	               16 Bit    Registers := 16    
	               10 Bit    Registers := 2     
	                9 Bit    Registers := 16    
	                2 Bit    Registers := 1     
	                1 Bit    Registers := 154   
+---Muxes : 
	   8 Input   32 Bit        Muxes := 2     
	   2 Input   32 Bit        Muxes := 7     
	   5 Input   32 Bit        Muxes := 1     
	   2 Input   22 Bit        Muxes := 6     
	   8 Input   22 Bit        Muxes := 1     
	   5 Input   22 Bit        Muxes := 1     
	   2 Input   20 Bit        Muxes := 1     
	   5 Input   20 Bit        Muxes := 1     
	   2 Input   16 Bit        Muxes := 49    
	   2 Input    9 Bit        Muxes := 1     
	   5 Input    9 Bit        Muxes := 1     
	   2 Input    4 Bit        Muxes := 15    
	   8 Input    3 Bit        Muxes := 1     
	   2 Input    3 Bit        Muxes := 4     
	   5 Input    3 Bit        Muxes := 1     
	   4 Input    2 Bit        Muxes := 1     
	   2 Input    2 Bit        Muxes := 1     
	   5 Input    2 Bit        Muxes := 2     
	   2 Input    1 Bit        Muxes := 161   
	   8 Input    1 Bit        Muxes := 12    
	   4 Input    1 Bit        Muxes := 1     
	   5 Input    1 Bit        Muxes := 14    
---------------------------------------------------------------------------------
Finished RTL Component Statistics 
---------------------------------------------------------------------------------
---------------------------------------------------------------------------------
Start Part Resource Summary
---------------------------------------------------------------------------------
Part Resources:
DSPs: 90 (col length:60)
BRAMs: 100 (col length: RAMB18 60 RAMB36 30)
---------------------------------------------------------------------------------
Finished Part Resource Summary
---------------------------------------------------------------------------------
---------------------------------------------------------------------------------
Start Cross Boundary and Area Optimization
---------------------------------------------------------------------------------
---------------------------------------------------------------------------------
Finished Cross Boundary and Area Optimization : Time (s): cpu = 00:00:43 ; elapsed = 00:00:44 . Memory (MB): peak = 2629.684 ; gain = 895.250 ; free physical = 7872 ; free virtual = 12845
---------------------------------------------------------------------------------
---------------------------------------------------------------------------------
Start Applying XDC Timing Constraints
---------------------------------------------------------------------------------
---------------------------------------------------------------------------------
Finished Applying XDC Timing Constraints : Time (s): cpu = 00:00:49 ; elapsed = 00:00:50 . Memory (MB): peak = 2629.684 ; gain = 895.250 ; free physical = 7896 ; free virtual = 12869
---------------------------------------------------------------------------------
---------------------------------------------------------------------------------
Start Timing Optimization
---------------------------------------------------------------------------------
---------------------------------------------------------------------------------
Finished Timing Optimization : Time (s): cpu = 00:00:55 ; elapsed = 00:00:56 . Memory (MB): peak = 2647.004 ; gain = 912.570 ; free physical = 7861 ; free virtual = 12834
---------------------------------------------------------------------------------
---------------------------------------------------------------------------------
Start Technology Mapping
---------------------------------------------------------------------------------
---------------------------------------------------------------------------------
Finished Technology Mapping : Time (s): cpu = 00:00:58 ; elapsed = 00:00:59 . Memory (MB): peak = 2720.020 ; gain = 985.586 ; free physical = 7792 ; free virtual = 12765
---------------------------------------------------------------------------------
---------------------------------------------------------------------------------
Start IO Insertion
---------------------------------------------------------------------------------
---------------------------------------------------------------------------------
Start Flattening Before IO Insertion
---------------------------------------------------------------------------------
---------------------------------------------------------------------------------
Finished Flattening Before IO Insertion
---------------------------------------------------------------------------------
---------------------------------------------------------------------------------
Start Final Netlist Cleanup
---------------------------------------------------------------------------------
---------------------------------------------------------------------------------
Finished Final Netlist Cleanup
---------------------------------------------------------------------------------
---------------------------------------------------------------------------------
Finished IO Insertion : Time (s): cpu = 00:01:03 ; elapsed = 00:01:04 . Memory (MB): peak = 2797.832 ; gain = 1063.398 ; free physical = 7726 ; free virtual = 12699
---------------------------------------------------------------------------------
---------------------------------------------------------------------------------
Start Renaming Generated Instances
---------------------------------------------------------------------------------
---------------------------------------------------------------------------------
Finished Renaming Generated Instances : Time (s): cpu = 00:01:03 ; elapsed = 00:01:04 . Memory (MB): peak = 2797.832 ; gain = 1063.398 ; free physical = 7726 ; free virtual = 12699
---------------------------------------------------------------------------------
---------------------------------------------------------------------------------
Start Rebuilding User Hierarchy
---------------------------------------------------------------------------------
---------------------------------------------------------------------------------
Finished Rebuilding User Hierarchy : Time (s): cpu = 00:01:03 ; elapsed = 00:01:04 . Memory (MB): peak = 2797.832 ; gain = 1063.398 ; free physical = 7726 ; free virtual = 12699
---------------------------------------------------------------------------------
---------------------------------------------------------------------------------
Start Renaming Generated Ports
---------------------------------------------------------------------------------
---------------------------------------------------------------------------------
Finished Renaming Generated Ports : Time (s): cpu = 00:01:03 ; elapsed = 00:01:04 . Memory (MB): peak = 2797.832 ; gain = 1063.398 ; free physical = 7726 ; free virtual = 12699
---------------------------------------------------------------------------------
---------------------------------------------------------------------------------
Start Handling Custom Attributes
---------------------------------------------------------------------------------
---------------------------------------------------------------------------------
Finished Handling Custom Attributes : Time (s): cpu = 00:01:03 ; elapsed = 00:01:04 . Memory (MB): peak = 2797.832 ; gain = 1063.398 ; free physical = 7726 ; free virtual = 12699
---------------------------------------------------------------------------------
---------------------------------------------------------------------------------
Start Renaming Generated Nets
---------------------------------------------------------------------------------
---------------------------------------------------------------------------------
Finished Renaming Generated Nets : Time (s): cpu = 00:01:03 ; elapsed = 00:01:04 . Memory (MB): peak = 2797.832 ; gain = 1063.398 ; free physical = 7726 ; free virtual = 12699
---------------------------------------------------------------------------------
---------------------------------------------------------------------------------
Start Writing Synthesis Report
---------------------------------------------------------------------------------

Report BlackBoxes: 
+-+--------------+----------+
| |BlackBox name |Instances |
+-+--------------+----------+
+-+--------------+----------+

Report Cell Usage: 
+------+-------+------+
|      |Cell   |Count |
+------+-------+------+
|1     |BUFG   |     1|
|2     |CARRY4 |   112|
|3     |LUT2   |    50|
|4     |LUT3   |    52|
|5     |LUT4   |   139|
|6     |LUT5   |   179|
|7     |LUT6   |   840|
|8     |FDRE   |  1322|
|9     |IBUF   |   142|
|10    |OBUF   |    70|
+------+-------+------+
---------------------------------------------------------------------------------
Finished Writing Synthesis Report : Time (s): cpu = 00:01:03 ; elapsed = 00:01:04 . Memory (MB): peak = 2797.832 ; gain = 1063.398 ; free physical = 7726 ; free virtual = 12699
---------------------------------------------------------------------------------
Synthesis finished with 0 errors, 0 critical warnings and 0 warnings.
Synthesis Optimization Runtime : Time (s): cpu = 00:01:01 ; elapsed = 00:01:02 . Memory (MB): peak = 2797.832 ; gain = 922.379 ; free physical = 7726 ; free virtual = 12699
Synthesis Optimization Complete : Time (s): cpu = 00:01:04 ; elapsed = 00:01:04 . Memory (MB): peak = 2797.840 ; gain = 1063.398 ; free physical = 7726 ; free virtual = 12699
INFO: [Project 1-571] Translating synthesized netlist
Netlist sorting complete. Time (s): cpu = 00:00:00.02 ; elapsed = 00:00:00.02 . Memory (MB): peak = 2797.840 ; gain = 0.000 ; free physical = 7891 ; free virtual = 12864
INFO: [Netlist 29-17] Analyzing 112 Unisim elements for replacement
INFO: [Netlist 29-28] Unisim Transformation completed in 0 CPU seconds
INFO: [Project 1-570] Preparing netlist for logic optimization
Parsing XDC File [/home/brendan/synthesis_workspace/MMU/synthesis_logs/clock.xdc]
Finished Parsing XDC File [/home/brendan/synthesis_workspace/MMU/synthesis_logs/clock.xdc]
INFO: [Opt 31-138] Pushed 0 inverter(s) to 0 load pin(s).
Netlist sorting complete. Time (s): cpu = 00:00:00 ; elapsed = 00:00:00.01 . Memory (MB): peak = 2840.402 ; gain = 0.000 ; free physical = 7892 ; free virtual = 12865
INFO: [Project 1-111] Unisim Transformation Summary:
No Unisim elements were transformed.

Synth Design complete | Checksum: 1f984f69
INFO: [Common 17-83] Releasing license: Synthesis
29 Infos, 36 Warnings, 0 Critical Warnings and 0 Errors encountered.
synth_design completed successfully
synth_design: Time (s): cpu = 00:01:13 ; elapsed = 00:01:11 . Memory (MB): peak = 2840.438 ; gain = 1229.145 ; free physical = 7892 ; free virtual = 12865
INFO: [Common 17-2834] synth_design peak Physical Memory [PSS] (MB): overall = 2269.455; main = 2172.491; forked = 345.452
INFO: [Common 17-2834] synth_design peak Virtual Memory [VSS] (MB): overall = 3748.039; main = 2840.406; forked = 1028.016
# report_utilization -file /home/brendan/synthesis_workspace/MMU/synthesis_logs/utilization_mmu_top.rpt
# report_timing_summary -file /home/brendan/synthesis_workspace/MMU/synthesis_logs/timing_mmu_top.rpt
INFO: [Timing 38-35] Done setting XDC timing constraints.
INFO: [Timing 38-91] UpdateTimingParams: Speed grade: -1, Delay Type: min_max.
INFO: [Timing 38-191] Multithreading enabled for timing update using a maximum of 4 CPUs
report_timing_summary: Time (s): cpu = 00:00:08 ; elapsed = 00:00:07 . Memory (MB): peak = 2872.402 ; gain = 31.965 ; free physical = 7858 ; free virtual = 12831
INFO: [Common 17-206] Exiting Vivado at Thu Mar 19 17:17:10 2026...
